Unknown:
C:\Users\demian\Documents\Proyecto MdT Cantenna\Cantenna_2.4GHz\Result\farfield (f=2400)2D_1.ffp
C:\Users\demian\Documents\Proyecto MdT Cantenna\Cantenna_2.4GHz\Result\farfield (f=2400)_1.fme
C:\Users\demian\Documents\Proyecto MdT Cantenna\Cantenna_2.4GHz\Result\hardware_resources.sconf
C:\Users\demian\Documents\Proyecto MdT Cantenna\Cantenna_2.4GHz\Result\Hex.gap
C:\Users\demian\Documents\Proyecto MdT Cantenna\Cantenna_2.4GHz\Result\MCalc.ddi
C:\Users\demian\Documents\Proyecto MdT Cantenna\Cantenna_2.4GHz\Result\MCalc.log
C:\Users\demian\Documents\Proyecto MdT Cantenna\Cantenna_2.4GHz\Result\ml_info.log
C:\Users\demian\Documents\Proyecto MdT Cantenna\Cantenna_2.4GHz\Result\Model.axg
C:\Users\demian\Documents\Proyecto MdT Cantenna\Cantenna_2.4GHz\Result\Model.ddi
C:\Users\demian\Documents\Proyecto MdT Cantenna\Cantenna_2.4GHz\Result\Model.log
C:\Users\demian\Documents\Proyecto MdT Cantenna\Cantenna_2.4GHz\Result\Model.sa
C:\Users\demian\Documents\Proyecto MdT Cantenna\Cantenna_2.4GHz\Result\Model.sam
C:\Users\demian\Documents\Proyecto MdT Cantenna\Cantenna_2.4GHz\Result\ModelPBA.axg
C:\Users\demian\Documents\Proyecto MdT Cantenna\Cantenna_2.4GHz\Result\m^fifx.dsc
C:\Users\demian\Documents\Proyecto MdT Cantenna\Cantenna_2.4GHz\Result\m^fqq.dsc
C:\Users\demian\Documents\Proyecto MdT Cantenna\Cantenna_2.4GHz\Result\Ports.web
C:\Users\demian\Documents\Proyecto MdT Cantenna\Cantenna_2.4GHz\Result\PP-MCalc.log
C:\Users\demian\Documents\Proyecto MdT Cantenna\Cantenna_2.4GHz\Result\PP-Prio.log
C:\Users\demian\Documents\Proyecto MdT Cantenna\Cantenna_2.4GHz\Result\p^a.dsc
C:\Users\demian\Documents\Proyecto MdT Cantenna\Cantenna_2.4GHz\Result\P^m^fbqq.slog
C:\Users\demian\Documents\Proyecto MdT Cantenna\Cantenna_2.4GHz\Result\P^m^fqq.slog
C:\Users\demian\Documents\Proyecto MdT Cantenna\Cantenna_2.4GHz\Result\P^p^m.slog
C:\Users\demian\Documents\Proyecto MdT Cantenna\Cantenna_2.4GHz\Result\P^s^pm.slog
Mesh:
C:\Users\demian\Documents\Proyecto MdT Cantenna\Cantenna_2.4GHz\Result\dA.mat
C:\Users\demian\Documents\Proyecto MdT Cantenna\Cantenna_2.4GHz\Result\dad.mat
C:\Users\demian\Documents\Proyecto MdT Cantenna\Cantenna_2.4GHz\Result\ds.mat
C:\Users\demian\Documents\Proyecto MdT Cantenna\Cantenna_2.4GHz\Result\dsd.mat
C:\Users\demian\Documents\Proyecto MdT Cantenna\Cantenna_2.4GHz\Result\dsMCalc.mat
C:\Users\demian\Documents\Proyecto MdT Cantenna\Cantenna_2.4GHz\Result\Eps.mat
C:\Users\demian\Documents\Proyecto MdT Cantenna\Cantenna_2.4GHz\Result\HexMatrix.m2h
C:\Users\demian\Documents\Proyecto MdT Cantenna\Cantenna_2.4GHz\Result\HexMatrix_MCalc.m2h
C:\Users\demian\Documents\Proyecto MdT Cantenna\Cantenna_2.4GHz\Result\Kappa.mat
C:\Users\demian\Documents\Proyecto MdT Cantenna\Cantenna_2.4GHz\Result\MCalc.fmp
C:\Users\demian\Documents\Proyecto MdT Cantenna\Cantenna_2.4GHz\Result\MCalc.xcfd
C:\Users\demian\Documents\Proyecto MdT Cantenna\Cantenna_2.4GHz\Result\MCalcCCS_c.mson
C:\Users\demian\Documents\Proyecto MdT Cantenna\Cantenna_2.4GHz\Result\Meta.m2h
C:\Users\demian\Documents\Proyecto MdT Cantenna\Cantenna_2.4GHz\Result\Meta.mat
C:\Users\demian\Documents\Proyecto MdT Cantenna\Cantenna_2.4GHz\Result\Model-fmf.msqlite
C:\Users\demian\Documents\Proyecto MdT Cantenna\Cantenna_2.4GHz\Result\Model.cct
C:\Users\demian\Documents\Proyecto MdT Cantenna\Cantenna_2.4GHz\Result\Model.fmf
C:\Users\demian\Documents\Proyecto MdT Cantenna\Cantenna_2.4GHz\Result\Model.fmm
C:\Users\demian\Documents\Proyecto MdT Cantenna\Cantenna_2.4GHz\Result\Model.fpc
C:\Users\demian\Documents\Proyecto MdT Cantenna\Cantenna_2.4GHz\Result\Model.fwf
C:\Users\demian\Documents\Proyecto MdT Cantenna\Cantenna_2.4GHz\Result\Model.sic
C:\Users\demian\Documents\Proyecto MdT Cantenna\Cantenna_2.4GHz\Result\Model.sid
C:\Users\demian\Documents\Proyecto MdT Cantenna\Cantenna_2.4GHz\Result\Model.spi
C:\Users\demian\Documents\Proyecto MdT Cantenna\Cantenna_2.4GHz\Result\Model.xcfd
C:\Users\demian\Documents\Proyecto MdT Cantenna\Cantenna_2.4GHz\Result\Mue.mat
C:\Users\demian\Documents\Proyecto MdT Cantenna\Cantenna_2.4GHz\Result\m^fqq.mem
C:\Users\demian\Documents\Proyecto MdT Cantenna\Cantenna_2.4GHz\Result\PEC.mat
C:\Users\demian\Documents\Proyecto MdT Cantenna\Cantenna_2.4GHz\Result\Ports.fpt
C:\Users\demian\Documents\Proyecto MdT Cantenna\Cantenna_2.4GHz\Result\p^a.mem
C:\Users\demian\Documents\Proyecto MdT Cantenna\Cantenna_2.4GHz\Result\p^m.mem
C:\Users\demian\Documents\Proyecto MdT Cantenna\Cantenna_2.4GHz\Result\Rho.mat
C:\Users\demian\Documents\Proyecto MdT Cantenna\Cantenna_2.4GHz\Result\S2HMatrix.m2h
C:\Users\demian\Documents\Proyecto MdT Cantenna\Cantenna_2.4GHz\Result\Shapes.con
C:\Users\demian\Documents\Proyecto MdT Cantenna\Cantenna_2.4GHz\Result\s^pm.mem
Port:
C:\Users\demian\Documents\Proyecto MdT Cantenna\Cantenna_2.4GHz\Result\Model.pmi
