Frontend-Node:  ======================
                Mesher selection: FPBA
                ======================

>>>>>>>>>>>>>>>>>>>>>>>>>>>>>>>>
Tue Tue Nov 19 22:38:49 2024
started: parallelization control
>>>>>>>>>>>>>>>>>>>>>>>>>>>>>>>>

========================================================================================
 - hardware info
   + cpu name                    : Virtual CPU @ 3.20GHz
   + sockets                     : 1
   + cores per socket            : 6
   + hyperthreading              : off
   + max cpuid level             : 13
   + max cpuid ext. level        : 8
   + numa nodes                  : 1
   + internal cpu info           : CPUID: selected engine is 'AMD recommended detection'
apic ids           : 0, 1, 2, 3, 4, 5
apic ids (fallback): 0, 1, 2, 3, 4, 5
from cpu registers: 0, 1, 2, 3, 4, 5
fallback: 0, 1, 2, 3, 4, 5
combined: 0, 1, 2, 3, 4, 5
max id per cpu: 8
SMT mask: 0
Core mask: 7
Package mask: fffffff8
set results:
  - packages: 1
  - cores: 6
  - smts: 1
generate core map, new implementation
0, 1, 2, 3, 4, 5
packages: 1
cores   : 6
ht units: 1
 - pinning rule in use   : PINNING_RULE_MCALC_SKIP_ALL
 - desired group         : 0
 - num cores available   : 6
 - active core list from affinity: 
   + num accessible procs          : 6
   + num logical procs             : 6
   + current affinity (env)        : 0,1,2,3,4,5
   + sockets ids in                : 0
   + core list                  (1): 0,1,2,3,4,5
 - active cores          : 0,1,2,3,4,5
 - skip pinning: + allowed number of sockets = available number of sockets
                 + hyperthreading off
========================================================================================

==========================================================================
Version: 2024.4 Release from 2024-04-30 (change 1266454) [Release]
Workflow: QQ-Facets
Operation: [acis, fpba, bg]
Architecture: Windows, ID: AMD64
System Windows-64bit
Using processor group 0/1
Matrix calculation information:
# of Nodes: 0
Concurrency: 0
Start ID: 0
Node ID: 0
HEX Mesh information:
Hex mesh: global: [hxr o(0 | 0 | 0) s(41 | 39 | 66) np (no TSTs): 105534] 
==========================================================================

>>>>>>>>>>>>>>>>>>>>>>>>>>>>>
Tue Tue Nov 19 22:38:49 2024
started: processing CAD model
>>>>>>>>>>>>>>>>>>>>>>>>>>>>>

========================================================================
Processing CAD model (for field results)
	[Improved internal geometry representation]
	[Accuracy improvement for long shapes in inhomogeneous mesh regions]
Version: 2024.4 Release from 2024-04-30 (change 1266454)
PBA version 2024043024
Sub-Workflow: Facets-QQ-GEX
Workflow updated: -
Tue Tue Nov 19 22:38:49 2024
========================================================================

>2024-10-19 22:38:50.00266< matrixcalc_AMD64 @ DemianPC:  !!!!!!!!!!!!!!!!!!!!!!!!!!!!!!!!!!!!!!!
                                                          current system memory usage reached 60%
                                                          !!!!!!!!!!!!!!!!!!!!!!!!!!!!!!!!!!!!!!!

===========================================
Finished CAD processing (for field results)
===========================================

<<<<<<<<<<<<<<<<<<<<<<<<<<<<<<<<<<<<<<<<<<
Tue Tue Nov 19 22:38:50 2024
Resource usage for processing CAD model:
	Runtime                 00:00:00.00784
	Peak Memory Usage:               37 MB
<<<<<<<<<<<<<<<<<<<<<<<<<<<<<<<<<<<<<<<<<<

>>>>>>>>>>>>>>>>>>>>>>>>>>>>>
Tue Tue Nov 19 22:38:50 2024
started: processing CAD model
>>>>>>>>>>>>>>>>>>>>>>>>>>>>>

>2024-10-19 22:38:50.00338< matrixcalc_AMD64 @ DemianPC:  !!!!!!!!!!!!!!!!!!!!!!!!!!!!!!!!!!!!!!!
                                                          current system memory usage reached 60%
                                                          !!!!!!!!!!!!!!!!!!!!!!!!!!!!!!!!!!!!!!!

========================================================================
Processing CAD model
	[Improved internal geometry representation]
	[Accuracy improvement for long shapes in inhomogeneous mesh regions]
Version: 2024.4 Release from 2024-04-30 (change 1266454)
PBA version 2024043024
Sub-Workflow: Facets-QQ-GEX
Workflow updated: -
Tue Tue Nov 19 22:38:50 2024
========================================================================

----------------------------------------------
Used point accuracy enhancement value: 62.00%.
----------------------------------------------

=============================================================================
Mesh statistics:
-----------------------------------------------------------------------------
Minimum edge length (x): 1 @ mesh line 5 (x)
Maximum edge length (x): 4.53 @ mesh line 0 (x)
Minimum face area (x): 3.24 @ mesh lines 18 | 17 (y | z)
Maximum face area (x): 26.5 @ mesh lines 37 | 49 (y | z)
Minimum edge length (y): 1.8 @ mesh line 18 (y)
Maximum edge length (y): 3.71 @ mesh line 37 (y)
Minimum face area (y): 1.8 @ mesh lines 17 | 5 (z | x)
Maximum face area (y): 32.3 @ mesh lines 49 | 0 (z | x)
Minimum edge length (z): 1.8 @ mesh line 17 (z)
Maximum edge length (z): 7.14 @ mesh line 49 (z)
Minimum face area (z): 1.8 @ mesh lines 5 | 18 (x | y)
Maximum face area (z): 16.8 @ mesh lines 0 | 37 (x | y)
Maximum mesh face aspect ratio (x): 3.97 : 1.0  @ mesh lines 18 | 49 (y | z)
Maximum mesh face aspect ratio (y): 7.14 : 1.0  @ mesh lines 49 | 5 (z | x)
Maximum mesh face aspect ratio (z): 3.71 : 1.0  @ mesh lines 5 | 37 (x | y)
=============================================================================

=============================================================================
Available resources to store TST cells: 2147378113 (2034773.73% of mesh size)
=============================================================================

------------------------------------------------------------------------------------------------
Geometry processing log
	PEC background is represented by CAD geometry: false
	Background shape: added
	Multithread portion: 100.00
	Number of CAD shapes: 7
	Number of lumps: 1
------------------------------------------------------------------------------------------------
=========================================
== CST Matrix Calculation Priority Log ==
=========================================
Priorities are sorted in ascending order beginning with the lowest priority
 
Group | Shape-ID | ShapeName | Material | User-priority | 2D/3D-Geometry | Material-attributes | Shape-attributes | Feature-ID | Schemetype
1 | 9 | </cst/Boundaries/> Low^X | $NFSMaterial$ | n/a | no | normal.vacuum. | boundary. | n/a | FIT_TD
1 | 10 | </cst/Boundaries/> Low^Y | $NFSMaterial$ | n/a | no | normal.vacuum. | boundary. | n/a | FIT_TD
1 | 11 | </cst/Boundaries/> Low^Z | $NFSMaterial$ | n/a | no | normal.vacuum. | boundary. | n/a | FIT_TD
1 | 12 | </cst/Boundaries/> Up^X | $NFSMaterial$ | n/a | no | normal.vacuum. | boundary. | n/a | FIT_TD
1 | 13 | </cst/Boundaries/> Up^Y | $NFSMaterial$ | n/a | no | normal.vacuum. | boundary. | n/a | FIT_TD
1 | 14 | </cst/Boundaries/> Up^Z | $NFSMaterial$ | n/a | no | normal.vacuum. | boundary. | n/a | FIT_TD
2 | 15 | </cst/Ports/> discrete_face_port:1^t0 | Aluminum | n/a | no | pec.rho.surface-impedance. | face-element.face-port.sheet. | n/a | FIT_TD
2 | 16 | </cst/Ports/> discrete_face_port:1^t1 | Aluminum | n/a | no | pec.rho.surface-impedance. | face-element.face-port.sheet. | n/a | FIT_TD
3 | 2 | component1:dielectrico | PTFE (lossy) | n/a | yes | dispersive-mue.normal.rho. | solid. | n/a | FIT_TD
3 | 6 | component1:vacio | Vacuum | n/a | yes | normal.vacuum. | solid. | n/a | FIT_TD
4 | 1 | component1:cond | Copper (pure) | n/a | yes | pec.rho.surface-impedance. | solid. | n/a | FIT_TD
4 | 3 | component1:lata | Aluminum | n/a | yes | pec.rho.surface-impedance. | solid. | n/a | FIT_TD
4 | 8 | component1:lata (Lump 2) | Aluminum | n/a | yes | pec.rho.surface-impedance. | solid. | n/a | FIT_TD
4 | 4 | component1:monopolo | Copper (pure) | n/a | yes | pec.rho.surface-impedance. | solid. | n/a | FIT_TD
4 | 5 | component1:tapa | Aluminum | n/a | yes | pec.rho.surface-impedance. | solid. | n/a | FIT_TD
5 | 7 | discrete_face_port:1 | PEC | n/a | yes | pec. | face-center-gap.face-element.face-port.sheet. | n/a | FIT_TD
=========================================
************************************************************************************************
General settings
	PBA version: default
------------------------------------------------------------------------------------------------
Geometry processor: default
	Geo accuracy: 62.000000
	Watertightness check: true
	Self intersection check: false
	Inheritance (all): false
	Normal dominance (all): false
	Normal dominance (ports): false
	Flanges hollow: true
	One shape per flange: false
	Multi threading: true
		max # of threads used: 6
		requested max # of threads: 6
		representation: indexed
		method: multi thread
		retry: no
------------------------------------------------------------------------------------------------
CAD processing settings are set to default
------------------------------------------------------------------------------------------------
Connectivity settings
	Workflow selection: 0
	Workflow version: 20180101
	Gap detection: true
	Gap detection version: 2
	TST version: 2
	QQ workflow: true
	CoCo workflow: true
	Legacy topology: false
	Connectivity check: false
------------------------------------------------------------------------------------------------
------------------------------------------------------------------------------------------------
CAD Processing Version Info
	ACIS version installed:	33.0.1
	ACIS version used:	33.0.1
------------------------------------------------------------------------------------------------
Success method:	fb-multi-thread-22
************************************************************************************************

=======================
Finished CAD processing
=======================

<<<<<<<<<<<<<<<<<<<<<<<<<<<<<<<<<<<<<<<<<<
Tue Tue Nov 19 22:38:50 2024
Resource usage for processing CAD model:
	Runtime                 00:00:00.00341
	Peak Memory Usage:               37 MB
<<<<<<<<<<<<<<<<<<<<<<<<<<<<<<<<<<<<<<<<<<

------------------------------------------------------------
Parallelization Info
------------------------------------------------------------
Hyperthreading active: false
Hyperthreading used: false
Number of concurrent threads: 4
Number of concurrent threads using GPU: 0
Number of node domains: 4
Domains-to-threads scaling: 2
Average FI domain size: 2e+04
Nice mode: true
Delayed matrix calculation start: false
Load balancing: Version 20090403
Number of mesh fill domains: 6
Memory downscale: 1
Shared memory representation: none
CPU load: 66.67%
Emptiness: 0.00%
Hex mesh complexity: 0.09880
Geometric complexity: 0.05798
lower size limit of domain (1D): 60
------------------------------------------------------------
Node order
0, 1, 2, 3
------------------------------------------------------------

-------------------------------------------------------------------
Matrix calculation job submit section 0
Currently running jobs: 0
Waiting jobs: 4
Concurrency for section: 4/4
Memory physically installed: 6.43688 GB
Memory currently available: 2.74516 GB
Memory already used: 3.69172 GB
Matrix calculation @ 1xN-Node 0000
	Mesh coverage: 2508000.00 %
	Estimated peak memory usage per node: 100 MB, tightness: 3.65 %
	GPU acceleration: off
	Processor group: 0
Matrix calculation @ 1xN-Node 0001
	Mesh coverage: 2633400.00 %
	Estimated peak memory usage per node: 98 MB, tightness: 3.56 %
	GPU acceleration: off
	Processor group: 0
Matrix calculation @ 1xN-Node 0002
	Mesh coverage: 2508000.00 %
	Estimated peak memory usage per node: 89 MB, tightness: 3.25 %
	GPU acceleration: off
	Processor group: 0
Matrix calculation @ 1xN-Node 0003
	Mesh coverage: 2633400.00 %
	Estimated peak memory usage per node: 87 MB, tightness: 3.18 %
	GPU acceleration: off
	Processor group: 0
Node distribution on 1 processor group: 4
-------------------------------------------------------------------

------------------------------------
Mesh: # of points excl. TSTs: 105534
      # of points incl. TSTs: 129938
------------------------------------

===========================================
Data rearrangement statistics:
Disk IO directories:	00:00:00.0001
Disk IO node domain files:	00:00:01.0591
Disk IO FI domain files:	00:00:00.0000
Disk IO meta information:	00:00:00.0014
Sequential merge (TST):	00:00:00.0000
===========================================

1xN000:  ========================================================================
         [Boundaries] - MCalc
         open-add-space, mpi, open-add-space, open-add-space, open-add-space, mpi
         ========================================================================

1xN000:  ========================================
         [Mesh] Matrix calculation - NO ACIS mode
         [Mesh] 1xN MPI or parallelization mode
         ========================================

1xN000:  =============================
         [Mesh] Expansion: 0 2 0 0 0 2
         =============================

1xN000:  ==================================================
         [Mesh] world: o(0000,0000,0000) e(0041,0039,0066)
         [Mesh] l-1xN: o(0000,0000,0000) e(0021,0039,0034)
         [Mesh] e-1xN: o(0000,0000,0000) e(0023,0039,0036)
         [Mesh] g-MPI: not available
         [Mesh] bound offset: (0 | 2 | 0)
         ==================================================

1xN000:  ========================================================================================
          - hardware info
            + cpu name                    : Virtual CPU @ 3.20GHz
            + sockets                     : 1
            + cores per socket            : 6
            + hyperthreading              : off
            + max cpuid level             : 13
            + max cpuid ext. level        : 8
            + numa nodes                  : 1
            + internal cpu info           : CPUID: selected engine is 'AMD recommended detection'
         apic ids           : 0, 1, 2, 3, 4, 5
         apic ids (fallback): 0, 1, 2, 3, 4, 5
         from cpu registers: 0, 1, 2, 3, 4, 5
         fallback: 0, 1, 2, 3, 4, 5
         combined: 0, 1, 2, 3, 4, 5
         max id per cpu: 8
         SMT mask: 0
         Core mask: 7
         Package mask: fffffff8
         set results:
           - packages: 1
           - cores: 6
           - smts: 1
         generate core map, new implementation
         0, 1, 2, 3, 4, 5
         packages: 1
         cores   : 6
         ht units: 1
          - pinning rule in use   : PINNING_RULE_MCALC_SKIP_ALL
          - desired group         : 0
          - num cores available   : 6
          - active core list from affinity:
            + num accessible procs          : 6
            + num logical procs             : 6
            + current affinity (env)        : 0,1,2,3,4,5
            + sockets ids in                : 0
            + core list                  (1): 0,1,2,3,4,5
          - active cores          : 0,1,2,3,4,5
          - skip pinning: + allowed number of sockets = available number of sockets
                          + hyperthreading off
         ========================================================================================

1xN000:  ================================================================================
         Version: 2024.4 Release from 2024-04-30 (change 1266454) [Release]
         Workflow: PBA matrix coefficients
         Operation: [fpba, meshfill, bg, port-path, tst, tst-nextgen, coeff, surface-imp]
         Architecture: Windows, ID: AMD64
         System Windows-64bit
         Using processor group 0/1
         Matrix calculation information:
         # of Nodes: 4
         Concurrency: 4
         Start ID: 0
         Node ID: 0
         HEX Mesh information:
         Hex mesh: node: [hxr o(0 | 0 | 0) s(21 | 39 | 34) np (no TSTs): 27846]
         Hex mesh: extended: [hxr o(0 | 0 | 0) s(23 | 39 | 36) np (no TSTs): 32292]
         ================================================================================

1xN000:  -----------------------------------------------------
         Memory status on node "1xN000" for matrix calculation
         	Estimated memory consumption: 0.100288 GB
         	Physical memory installed: 6.43688 GB
         	Available physical memory: 2.70082 GB
         	Available relative memory: 41.9585 %
         -----------------------------------------------------

1xN000:  >>>>>>>>>>>>>>>>>>>>>>>>>>>>>>>>>>>>>>>>>>>>>>>>>
         Tue Tue Nov 19 22:38:51 2024
         started: calculating matrix coefficients per node
         >>>>>>>>>>>>>>>>>>>>>>>>>>>>>>>>>>>>>>>>>>>>>>>>>

1xN000:  ============================================================
         Matrix computation (PBA)
         	[Perfect Boundary Approximation (PBA), version: default]
         	[GPU acceleration: off (by user)]
         Version: 2024.4 Release from 2024-04-30 (change 1266454)
         PBA version 2024043024
         Sub-Workflow: FARM-1xN-TST2-Node
         Workflow updated: -
         Tue Tue Nov 19 22:38:51 2024
         ============================================================

1xN000:  ----------------------------------------------
         Used point accuracy enhancement value: 62.00%.
         ----------------------------------------------

1xN000:  -------------------------------------------------
         Geometry representation: compact
         Shared memory: none
         FARM allocation scheme: PA
         Parallelization: on, used

1xN000:  Gap-Detection activated for FARM-topology. Gaps are resolved, even partially.: gap tolerance value is 0.001000 and mesh geometry scale is 0.001000
1xN000:
1xN000:



1xN000:  ----------------------
         Acceleration mode: CPU
         ----------------------

1xN000:  Port homogenization method: M2H point index deviation
1xN000:  ccccccccccccccccccccccccccccccccccccccccccccccccccccccccccccccccccccc
         FARM/Meshfill cache is set to 8 (local FI domains: 4, dynamic: false)
         ccccccccccccccccccccccccccccccccccccccccccccccccccccccccccccccccccccc

1xN000:  =============================================================
         Hex cell analyzer settings:
         	max number of E fields per mesh edge: 2
         	max number of H fields per mesh face: 4
         	supporting dual grid: false
         	performance improvement: ROI limit: true
         	performance improvement: ROI threshold: 2
         	performance improvement: single topology extraction: true
         	performance improvement: pre-categorize cell volume: true
         	periodic align: 0
         	periodic cells: true
         	homogenization version: pid
         =============================================================

1xN000:  ----------------------------
         TST Statistics:
         E Split (992 | 1116 | 0)
         E Adapt (1628 | 1512 | 1556)
         B Split (1124 | 992 | 2604)
         B Adapt (0 | 0 | 0)
         ----------------------------

1xN000:  ssssssssssssssssssssssssssssssssssssssssss
         # of curls with SI accuracy enhancement: 0
         ssssssssssssssssssssssssssssssssssssssssss

1xN000:  ------------------------------------------------------------------------------
         PBA fill limit is applied in inverse mode.
         PBA fill limit is applied on faces filled with at least 98.81% metal material.
         --------------------------------------------------------------
         detailed accuracy settings:
         --------------------------------------------------------------
         augmented fill limit:       true
         augmented fill limit value: 98.81
         automatic fill limit:       true
         early fill limit:           true
         inverse fill limit:         true
         model complexity:           0.00
         legacy 2015:                false
         fixed point accuracy:       false
         minimum point accuracy:     0
         mesh step inheritance:      false
         accuracy mode:
         ------------------------------------------------------------------------------

1xN000:  discrete face port "1" is connected to metal material.
         The connection has been enforced at terminal 1.
1xN000:  ----------------------------------------------------------------
         The following discrete face port is connected to metal material:
         	1
         ----------------------------------------------------------------

1xN000:  =================================
         Finished matrix computation (PBA)
         =================================

1xN000:  <<<<<<<<<<<<<<<<<<<<<<<<<<<<<<<<<<<<<<<<<<<<<<<<<<<<<<<<<<<<
         Tue Tue Nov 19 22:39:09 2024
         Resource usage for calculating matrix coefficients per node:
         	Runtime                          00:00:18.00076
         	Peak Memory Estimation:                  100 MB
         	Peak Memory Usage:                        86 MB
         <<<<<<<<<<<<<<<<<<<<<<<<<<<<<<<<<<<<<<<<<<<<<<<<<<<<<<<<<<<<



1xN001:  ========================================================================
         [Boundaries] - MCalc
         mpi, open-add-space, open-add-space, open-add-space, open-add-space, mpi
         ========================================================================

1xN001:  ========================================
         [Mesh] Matrix calculation - NO ACIS mode
         [Mesh] 1xN MPI or parallelization mode
         ========================================

1xN001:  ==============================
         [Mesh] Expansion: -2 0 0 0 0 2
         ==============================

1xN001:  ==================================================
         [Mesh] world: o(0000,0000,0000) e(0041,0039,0066)
         [Mesh] l-1xN: o(0019,0000,0000) e(0041,0039,0034)
         [Mesh] e-1xN: o(0017,0000,0000) e(0041,0039,0036)
         [Mesh] g-MPI: not available
         [Mesh] bound offset: (-2 | 0 | 0)
         ==================================================

1xN001:  ========================================================================================
          - hardware info
            + cpu name                    : Virtual CPU @ 3.20GHz
            + sockets                     : 1
            + cores per socket            : 6
            + hyperthreading              : off
            + max cpuid level             : 13
            + max cpuid ext. level        : 8
            + numa nodes                  : 1
            + internal cpu info           : CPUID: selected engine is 'AMD recommended detection'
         apic ids           : 0, 1, 2, 3, 4, 5
         apic ids (fallback): 0, 1, 2, 3, 4, 5
         from cpu registers: 0, 1, 2, 3, 4, 5
         fallback: 0, 1, 2, 3, 4, 5
         combined: 0, 1, 2, 3, 4, 5
         max id per cpu: 8
         SMT mask: 0
         Core mask: 7
         Package mask: fffffff8
         set results:
           - packages: 1
           - cores: 6
           - smts: 1
         generate core map, new implementation
         0, 1, 2, 3, 4, 5
         packages: 1
         cores   : 6
         ht units: 1
          - pinning rule in use   : PINNING_RULE_MCALC_SKIP_ALL
          - desired group         : 0
          - num cores available   : 6
          - active core list from affinity:
            + num accessible procs          : 6
            + num logical procs             : 6
            + current affinity (env)        : 0,1,2,3,4,5
            + sockets ids in                : 0
            + core list                  (1): 0,1,2,3,4,5
          - active cores          : 0,1,2,3,4,5
          - skip pinning: + allowed number of sockets = available number of sockets
                          + hyperthreading off
         ========================================================================================

1xN001:  ================================================================================
         Version: 2024.4 Release from 2024-04-30 (change 1266454) [Release]
         Workflow: PBA matrix coefficients
         Operation: [fpba, meshfill, bg, port-path, tst, tst-nextgen, coeff, surface-imp]
         Architecture: Windows, ID: AMD64
         System Windows-64bit
         Using processor group 0/1
         Matrix calculation information:
         # of Nodes: 4
         Concurrency: 4
         Start ID: 1
         Node ID: 1
         HEX Mesh information:
         Hex mesh: node: [hxr o(19 | 0 | 0) s(22 | 39 | 34) np (no TSTs): 29172]
         Hex mesh: extended: [hxr o(17 | 0 | 0) s(24 | 39 | 36) np (no TSTs): 33696]
         ================================================================================

1xN001:  -----------------------------------------------------
         Memory status on node "1xN001" for matrix calculation
         	Estimated memory consumption: 0.097779 GB
         	Physical memory installed: 6.43688 GB
         	Available physical memory: 2.70098 GB
         	Available relative memory: 41.961 %
         -----------------------------------------------------

1xN001:  >>>>>>>>>>>>>>>>>>>>>>>>>>>>>>>>>>>>>>>>>>>>>>>>>
         Tue Tue Nov 19 22:38:51 2024
         started: calculating matrix coefficients per node
         >>>>>>>>>>>>>>>>>>>>>>>>>>>>>>>>>>>>>>>>>>>>>>>>>

1xN001:  ============================================================
         Matrix computation (PBA)
         	[Perfect Boundary Approximation (PBA), version: default]
         	[GPU acceleration: off (by user)]
         Version: 2024.4 Release from 2024-04-30 (change 1266454)
         PBA version 2024043024
         Sub-Workflow: FARM-1xN-TST2-Node
         Workflow updated: -
         Tue Tue Nov 19 22:38:51 2024
         ============================================================

1xN001:  ----------------------------------------------
         Used point accuracy enhancement value: 62.00%.
         ----------------------------------------------

1xN001:  -------------------------------------------------
         Geometry representation: compact
         Shared memory: none
         FARM allocation scheme: PA
         Parallelization: on, used

1xN001:  Gap-Detection activated for FARM-topology. Gaps are resolved, even partially.: gap tolerance value is 0.001000 and mesh geometry scale is 0.001000
1xN001:
1xN001:



1xN001:  ----------------------
         Acceleration mode: CPU
         ----------------------

1xN001:  Port homogenization method: M2H point index deviation
1xN001:  ccccccccccccccccccccccccccccccccccccccccccccccccccccccccccccccccccccc
         FARM/Meshfill cache is set to 8 (local FI domains: 4, dynamic: false)
         ccccccccccccccccccccccccccccccccccccccccccccccccccccccccccccccccccccc

1xN001:  =============================================================
         Hex cell analyzer settings:
         	max number of E fields per mesh edge: 2
         	max number of H fields per mesh face: 4
         	supporting dual grid: false
         	performance improvement: ROI limit: true
         	performance improvement: ROI threshold: 2
         	performance improvement: single topology extraction: true
         	performance improvement: pre-categorize cell volume: true
         	periodic align: 0
         	periodic cells: true
         	homogenization version: pid
         =============================================================

1xN001:  ----------------------------
         TST Statistics:
         E Split (992 | 1240 | 0)
         E Adapt (1752 | 1570 | 1798)
         B Split (1240 | 992 | 2728)
         B Adapt (0 | 0 | 0)
         ----------------------------

1xN001:  ssssssssssssssssssssssssssssssssssssssssss
         # of curls with SI accuracy enhancement: 0
         ssssssssssssssssssssssssssssssssssssssssss

1xN001:  ------------------------------------------------------------------------------
         PBA fill limit is applied in inverse mode.
         PBA fill limit is applied on faces filled with at least 98.81% metal material.
         --------------------------------------------------------------
         detailed accuracy settings:
         --------------------------------------------------------------
         augmented fill limit:       true
         augmented fill limit value: 98.81
         automatic fill limit:       true
         early fill limit:           true
         inverse fill limit:         true
         model complexity:           0.00
         legacy 2015:                false
         fixed point accuracy:       false
         minimum point accuracy:     0
         mesh step inheritance:      false
         accuracy mode:
         ------------------------------------------------------------------------------

1xN001:  =================================
         Finished matrix computation (PBA)
         =================================

1xN001:  <<<<<<<<<<<<<<<<<<<<<<<<<<<<<<<<<<<<<<<<<<<<<<<<<<<<<<<<<<<<
         Tue Tue Nov 19 22:39:09 2024
         Resource usage for calculating matrix coefficients per node:
         	Runtime                          00:00:18.00426
         	Peak Memory Estimation:                   98 MB
         	Peak Memory Usage:                        86 MB
         <<<<<<<<<<<<<<<<<<<<<<<<<<<<<<<<<<<<<<<<<<<<<<<<<<<<<<<<<<<<



1xN002:  ========================================================================
         [Boundaries] - MCalc
         open-add-space, mpi, open-add-space, open-add-space, mpi, open-add-space
         ========================================================================

1xN002:  ========================================
         [Mesh] Matrix calculation - NO ACIS mode
         [Mesh] 1xN MPI or parallelization mode
         ========================================

1xN002:  ==============================
         [Mesh] Expansion: 0 2 0 0 -2 0
         ==============================

1xN002:  ==================================================
         [Mesh] world: o(0000,0000,0000) e(0041,0039,0066)
         [Mesh] l-1xN: o(0000,0000,0032) e(0021,0039,0066)
         [Mesh] e-1xN: o(0000,0000,0030) e(0023,0039,0066)
         [Mesh] g-MPI: not available
         [Mesh] bound offset: (0 | 2 | 0)
         ==================================================

1xN002:  ========================================================================================
          - hardware info
            + cpu name                    : Virtual CPU @ 3.20GHz
            + sockets                     : 1
            + cores per socket            : 6
            + hyperthreading              : off
            + max cpuid level             : 13
            + max cpuid ext. level        : 8
            + numa nodes                  : 1
            + internal cpu info           : CPUID: selected engine is 'AMD recommended detection'
         apic ids           : 0, 1, 2, 3, 4, 5
         apic ids (fallback): 0, 1, 2, 3, 4, 5
         from cpu registers: 0, 1, 2, 3, 4, 5
         fallback: 0, 1, 2, 3, 4, 5
         combined: 0, 1, 2, 3, 4, 5
         max id per cpu: 8
         SMT mask: 0
         Core mask: 7
         Package mask: fffffff8
         set results:
           - packages: 1
           - cores: 6
           - smts: 1
         generate core map, new implementation
         0, 1, 2, 3, 4, 5
         packages: 1
         cores   : 6
         ht units: 1
          - pinning rule in use   : PINNING_RULE_MCALC_SKIP_ALL
          - desired group         : 0
          - num cores available   : 6
          - active core list from affinity:
            + num accessible procs          : 6
            + num logical procs             : 6
            + current affinity (env)        : 0,1,2,3,4,5
            + sockets ids in                : 0
            + core list                  (1): 0,1,2,3,4,5
          - active cores          : 0,1,2,3,4,5
          - skip pinning: + allowed number of sockets = available number of sockets
                          + hyperthreading off
         ========================================================================================

1xN002:  ================================================================================
         Version: 2024.4 Release from 2024-04-30 (change 1266454) [Release]
         Workflow: PBA matrix coefficients
         Operation: [fpba, meshfill, bg, port-path, tst, tst-nextgen, coeff, surface-imp]
         Architecture: Windows, ID: AMD64
         System Windows-64bit
         Using processor group 0/1
         Matrix calculation information:
         # of Nodes: 4
         Concurrency: 4
         Start ID: 2
         Node ID: 2
         HEX Mesh information:
         Hex mesh: node: [hxr o(0 | 0 | 32) s(21 | 39 | 34) np (no TSTs): 27846]
         Hex mesh: extended: [hxr o(0 | 0 | 30) s(23 | 39 | 36) np (no TSTs): 32292]
         ================================================================================

1xN002:  -----------------------------------------------------
         Memory status on node "1xN002" for matrix calculation
         	Estimated memory consumption: 0.0892874 GB
         	Physical memory installed: 6.43688 GB
         	Available physical memory: 2.70085 GB
         	Available relative memory: 41.959 %
         -----------------------------------------------------

1xN002:  >>>>>>>>>>>>>>>>>>>>>>>>>>>>>>>>>>>>>>>>>>>>>>>>>
         Tue Tue Nov 19 22:38:51 2024
         started: calculating matrix coefficients per node
         >>>>>>>>>>>>>>>>>>>>>>>>>>>>>>>>>>>>>>>>>>>>>>>>>

1xN002:  ============================================================
         Matrix computation (PBA)
         	[Perfect Boundary Approximation (PBA), version: default]
         	[GPU acceleration: off (by user)]
         Version: 2024.4 Release from 2024-04-30 (change 1266454)
         PBA version 2024043024
         Sub-Workflow: FARM-1xN-TST2-Node
         Workflow updated: -
         Tue Tue Nov 19 22:38:51 2024
         ============================================================

1xN002:  ----------------------------------------------
         Used point accuracy enhancement value: 62.00%.
         ----------------------------------------------

1xN002:  -------------------------------------------------
         Geometry representation: compact
         Shared memory: none
         FARM allocation scheme: PA
         Parallelization: on, used

1xN002:  Gap-Detection activated for FARM-topology. Gaps are resolved, even partially.: gap tolerance value is 0.001000 and mesh geometry scale is 0.001000
1xN002:
1xN002:



1xN002:  ----------------------
         Acceleration mode: CPU
         ----------------------

1xN002:  Port homogenization method: M2H point index deviation
1xN002:  ccccccccccccccccccccccccccccccccccccccccccccccccccccccccccccccccccccc
         FARM/Meshfill cache is set to 8 (local FI domains: 4, dynamic: false)
         ccccccccccccccccccccccccccccccccccccccccccccccccccccccccccccccccccccc

1xN002:  =============================================================
         Hex cell analyzer settings:
         	max number of E fields per mesh edge: 2
         	max number of H fields per mesh face: 4
         	supporting dual grid: false
         	performance improvement: ROI limit: true
         	performance improvement: ROI threshold: 2
         	performance improvement: single topology extraction: true
         	performance improvement: pre-categorize cell volume: true
         	periodic align: 0
         	periodic cells: true
         	homogenization version: pid
         =============================================================

1xN002:  ----------------------------
         TST Statistics:
         E Split (1024 | 1152 | 0)
         E Adapt (1664 | 1536 | 1550)
         B Split (1116 | 992 | 2688)
         B Adapt (18 | 16 | 0)
         ----------------------------

1xN002:  ssssssssssssssssssssssssssssssssssssssssss
         # of curls with SI accuracy enhancement: 0
         ssssssssssssssssssssssssssssssssssssssssss

1xN002:  ------------------------------------------------------------------------------
         PBA fill limit is applied in inverse mode.
         PBA fill limit is applied on faces filled with at least 98.81% metal material.
         --------------------------------------------------------------
         detailed accuracy settings:
         --------------------------------------------------------------
         augmented fill limit:       true
         augmented fill limit value: 98.81
         automatic fill limit:       true
         early fill limit:           true
         inverse fill limit:         true
         model complexity:           0.00
         legacy 2015:                false
         fixed point accuracy:       false
         minimum point accuracy:     0
         mesh step inheritance:      false
         accuracy mode:
         ------------------------------------------------------------------------------

1xN002:  =================================
         Finished matrix computation (PBA)
         =================================

1xN002:  <<<<<<<<<<<<<<<<<<<<<<<<<<<<<<<<<<<<<<<<<<<<<<<<<<<<<<<<<<<<
         Tue Tue Nov 19 22:39:07 2024
         Resource usage for calculating matrix coefficients per node:
         	Runtime                          00:00:16.00334
         	Peak Memory Estimation:                   89 MB
         	Peak Memory Usage:                        83 MB
         <<<<<<<<<<<<<<<<<<<<<<<<<<<<<<<<<<<<<<<<<<<<<<<<<<<<<<<<<<<<



1xN003:  ========================================================================
         [Boundaries] - MCalc
         mpi, open-add-space, open-add-space, open-add-space, mpi, open-add-space
         ========================================================================

1xN003:  ========================================
         [Mesh] Matrix calculation - NO ACIS mode
         [Mesh] 1xN MPI or parallelization mode
         ========================================

1xN003:  ===============================
         [Mesh] Expansion: -2 0 0 0 -2 0
         ===============================

1xN003:  ==================================================
         [Mesh] world: o(0000,0000,0000) e(0041,0039,0066)
         [Mesh] l-1xN: o(0019,0000,0032) e(0041,0039,0066)
         [Mesh] e-1xN: o(0017,0000,0030) e(0041,0039,0066)
         [Mesh] g-MPI: not available
         [Mesh] bound offset: (-2 | 0 | 0)
         ==================================================

1xN003:  ========================================================================================
          - hardware info
            + cpu name                    : Virtual CPU @ 3.20GHz
            + sockets                     : 1
            + cores per socket            : 6
            + hyperthreading              : off
            + max cpuid level             : 13
            + max cpuid ext. level        : 8
            + numa nodes                  : 1
            + internal cpu info           : CPUID: selected engine is 'AMD recommended detection'
         apic ids           : 0, 1, 2, 3, 4, 5
         apic ids (fallback): 0, 1, 2, 3, 4, 5
         from cpu registers: 0, 1, 2, 3, 4, 5
         fallback: 0, 1, 2, 3, 4, 5
         combined: 0, 1, 2, 3, 4, 5
         max id per cpu: 8
         SMT mask: 0
         Core mask: 7
         Package mask: fffffff8
         set results:
           - packages: 1
           - cores: 6
           - smts: 1
         generate core map, new implementation
         0, 1, 2, 3, 4, 5
         packages: 1
         cores   : 6
         ht units: 1
          - pinning rule in use   : PINNING_RULE_MCALC_SKIP_ALL
          - desired group         : 0
          - num cores available   : 6
          - active core list from affinity:
            + num accessible procs          : 6
            + num logical procs             : 6
            + current affinity (env)        : 0,1,2,3,4,5
            + sockets ids in                : 0
            + core list                  (1): 0,1,2,3,4,5
          - active cores          : 0,1,2,3,4,5
          - skip pinning: + allowed number of sockets = available number of sockets
                          + hyperthreading off
         ========================================================================================

1xN003:  ================================================================================
         Version: 2024.4 Release from 2024-04-30 (change 1266454) [Release]
         Workflow: PBA matrix coefficients
         Operation: [fpba, meshfill, bg, port-path, tst, tst-nextgen, coeff, surface-imp]
         Architecture: Windows, ID: AMD64
         System Windows-64bit
         Using processor group 0/1
         Matrix calculation information:
         # of Nodes: 4
         Concurrency: 4
         Start ID: 3
         Node ID: 3
         HEX Mesh information:
         Hex mesh: node: [hxr o(19 | 0 | 32) s(22 | 39 | 34) np (no TSTs): 29172]
         Hex mesh: extended: [hxr o(17 | 0 | 30) s(24 | 39 | 36) np (no TSTs): 33696]
         ================================================================================

1xN003:  -----------------------------------------------------
         Memory status on node "1xN003" for matrix calculation
         	Estimated memory consumption: 0.0871676 GB
         	Physical memory installed: 6.43688 GB
         	Available physical memory: 2.70082 GB
         	Available relative memory: 41.9586 %
         -----------------------------------------------------

1xN003:  >>>>>>>>>>>>>>>>>>>>>>>>>>>>>>>>>>>>>>>>>>>>>>>>>
         Tue Tue Nov 19 22:38:51 2024
         started: calculating matrix coefficients per node
         >>>>>>>>>>>>>>>>>>>>>>>>>>>>>>>>>>>>>>>>>>>>>>>>>

1xN003:  ============================================================
         Matrix computation (PBA)
         	[Perfect Boundary Approximation (PBA), version: default]
         	[GPU acceleration: off (by user)]
         Version: 2024.4 Release from 2024-04-30 (change 1266454)
         PBA version 2024043024
         Sub-Workflow: FARM-1xN-TST2-Node
         Workflow updated: -
         Tue Tue Nov 19 22:38:51 2024
         ============================================================

1xN003:  ----------------------------------------------
         Used point accuracy enhancement value: 62.00%.
         ----------------------------------------------

1xN003:  -------------------------------------------------
         Geometry representation: compact
         Shared memory: none
         FARM allocation scheme: PA
         Parallelization: on, used

1xN003:  Gap-Detection activated for FARM-topology. Gaps are resolved, even partially.: gap tolerance value is 0.001000 and mesh geometry scale is 0.001000
1xN003:
1xN003:



1xN003:  ----------------------
         Acceleration mode: CPU
         ----------------------

1xN003:  Port homogenization method: M2H point index deviation
1xN003:  ccccccccccccccccccccccccccccccccccccccccccccccccccccccccccccccccccccc
         FARM/Meshfill cache is set to 8 (local FI domains: 4, dynamic: false)
         ccccccccccccccccccccccccccccccccccccccccccccccccccccccccccccccccccccc

1xN003:  =============================================================
         Hex cell analyzer settings:
         	max number of E fields per mesh edge: 2
         	max number of H fields per mesh face: 4
         	supporting dual grid: false
         	performance improvement: ROI limit: true
         	performance improvement: ROI threshold: 2
         	performance improvement: single topology extraction: true
         	performance improvement: pre-categorize cell volume: true
         	periodic align: 0
         	periodic cells: true
         	homogenization version: pid
         =============================================================

1xN003:  ----------------------------
         TST Statistics:
         E Split (1024 | 1280 | 0)
         E Adapt (1792 | 1600 | 1798)
         B Split (1240 | 992 | 2816)
         B Adapt (20 | 16 | 0)
         ----------------------------

1xN003:  ssssssssssssssssssssssssssssssssssssssssss
         # of curls with SI accuracy enhancement: 0
         ssssssssssssssssssssssssssssssssssssssssss

1xN003:  ------------------------------------------------------------------------------
         PBA fill limit is applied in inverse mode.
         PBA fill limit is applied on faces filled with at least 98.81% metal material.
         --------------------------------------------------------------
         detailed accuracy settings:
         --------------------------------------------------------------
         augmented fill limit:       true
         augmented fill limit value: 98.81
         automatic fill limit:       true
         early fill limit:           true
         inverse fill limit:         true
         model complexity:           0.00
         legacy 2015:                false
         fixed point accuracy:       false
         minimum point accuracy:     0
         mesh step inheritance:      false
         accuracy mode:
         ------------------------------------------------------------------------------

1xN003:  =================================
         Finished matrix computation (PBA)
         =================================

1xN003:  <<<<<<<<<<<<<<<<<<<<<<<<<<<<<<<<<<<<<<<<<<<<<<<<<<<<<<<<<<<<
         Tue Tue Nov 19 22:39:08 2024
         Resource usage for calculating matrix coefficients per node:
         	Runtime                          00:00:17.00060
         	Peak Memory Estimation:                   87 MB
         	Peak Memory Usage:                        86 MB
         <<<<<<<<<<<<<<<<<<<<<<<<<<<<<<<<<<<<<<<<<<<<<<<<<<<<<<<<<<<<



<<<<<<<<<<<<<<<<<<<<<<<<<<<<<<<<<<<<<<<<<<<<<<<
Tue Tue Nov 19 22:39:15 2024
Resource usage for parallelization control:
	Runtime                      00:00:26.00339
<<<<<<<<<<<<<<<<<<<<<<<<<<<<<<<<<<<<<<<<<<<<<<<

------------------------------------------------------------------------------------------------------------------------------
PBAMeshFeedback - InfoMap: 0[ms] - SBCell navigation: Using legacy edges - CornerCorrectionLinesAndWires: 0[ms] - Write: 0[ms]
ConnectivityAXG - Load: 3[ms] - Setup: 0[ms] - Convert: 27[ms] ( Groups: 3 - Shapes: 8 - Threads: 6 ) - Write: 6[ms]
ConnectivityAXG - Load: 3[ms] - Setup: 0[ms] - Convert: 27[ms] ( Groups: 3 - Shapes: 8 - Threads: 6 ) - Write: 6[ms]
------------------------------------------------------------------------------------------------------------------------------

--------------------------------
# of staircase filled cells: 0
# of staircase filled areas: 0
# of staircase filled edges: 0
# of faces above fill limit: 0
# of edges with FPBA topology: 0
--------------------------------

